[    0.000000] Linux version 4.15.0-64-generic (buildd@lgw01-amd64-038) (gcc version 7.4.0 (Ubuntu 7.4.0-1ubuntu1~18.04.1)) #73-Ubuntu SMP Thu Sep 12 13:16:13 UTC 2019 (Ubuntu 4.15.0-64.73-generic 4.15.18)
[    0.000000] Command line: BOOT_IMAGE=/boot/vmlinuz-4.15.0-64-generic root=LABEL=cloudimg-rootfs ro console=tty1 console=ttyS0
[    0.000000] KERNEL supported cpus:
[    0.000000]   Intel GenuineIntel
[    0.000000]   AMD AuthenticAMD
[    0.000000]   Centaur CentaurHauls
[    0.000000] x86/fpu: Supporting XSAVE feature 0x001: 'x87 floating point registers'
[    0.000000] x86/fpu: Supporting XSAVE feature 0x002: 'SSE registers'
[    0.000000] x86/fpu: Supporting XSAVE feature 0x004: 'AVX registers'
[    0.000000] x86/fpu: xstate_offset[2]:  576, xstate_sizes[2]:  256
[    0.000000] x86/fpu: Enabled xstate features 0x7, context size is 832 bytes, using 'standard' format.
[    0.000000] e820: BIOS-provided physical RAM map:
[    0.000000] BIOS-e820: [mem 0x0000000000000000-0x000000000009fbff] usable
[    0.000000] BIOS-e820: [mem 0x000000000009fc00-0x000000000009ffff] reserved
[    0.000000] BIOS-e820: [mem 0x00000000000f0000-0x00000000000fffff] reserved
[    0.000000] BIOS-e820: [mem 0x0000000000100000-0x000000001ffeffff] usable
[    0.000000] BIOS-e820: [mem 0x000000001fff0000-0x000000001fffffff] ACPI data
[    0.000000] BIOS-e820: [mem 0x00000000fec00000-0x00000000fec00fff] reserved
[    0.000000] BIOS-e820: [mem 0x00000000fee00000-0x00000000fee00fff] reserved
[    0.000000] BIOS-e820: [mem 0x00000000fffc0000-0x00000000ffffffff] reserved
[    0.000000] NX (Execute Disable) protection: active
[    0.000000] SMBIOS 2.5 present.
[    0.000000] DMI: innotek GmbH VirtualBox/VirtualBox, BIOS VirtualBox 12/01/2006
[    0.000000] Hypervisor detected: KVM
[    0.000000] e820: last_pfn = 0x1fff0 max_arch_pfn = 0x400000000
[    0.000000] MTRR: Disabled
[    0.000000] x86/PAT: MTRRs disabled, skipping PAT initialization too.
[    0.000000] CPU MTRRs all blank - virtualized system.
[    0.000000] x86/PAT: Configuration [0-7]: WB  WT  UC- UC  WB  WT  UC- UC  
[    0.000000] found SMP MP-table at [mem 0x0009fff0-0x0009ffff]
[    0.000000] Scanning 1 areas for low memory corruption
[    0.000000] RAMDISK: [mem 0x1db99000-0x1ee4bfff]
[    0.000000] ACPI: Early table checksum verification disabled
[    0.000000] ACPI: RSDP 0x00000000000E0000 000024 (v02 VBOX  )
[    0.000000] ACPI: XSDT 0x000000001FFF0030 00003C (v01 VBOX   VBOXXSDT 00000001 ASL  00000061)
[    0.000000] ACPI: FACP 0x000000001FFF00F0 0000F4 (v04 VBOX   VBOXFACP 00000001 ASL  00000061)
[    0.000000] ACPI: DSDT 0x000000001FFF0470 0022EA (v02 VBOX   VBOXBIOS 00000002 INTL 20100528)
[    0.000000] ACPI: FACS 0x000000001FFF0200 000040
[    0.000000] ACPI: FACS 0x000000001FFF0200 000040
[    0.000000] ACPI: APIC 0x000000001FFF0240 00005C (v02 VBOX   VBOXAPIC 00000001 ASL  00000061)
[    0.000000] ACPI: SSDT 0x000000001FFF02A0 0001CC (v01 VBOX   VBOXCPUT 00000002 INTL 20100528)
[    0.000000] No NUMA configuration found
[    0.000000] Faking a node at [mem 0x0000000000000000-0x000000001ffeffff]
[    0.000000] NODE_DATA(0) allocated [mem 0x1ffc5000-0x1ffeffff]
[    0.000000] kvm-clock: cpu 0, msr 0:1ff44001, primary cpu clock
[    0.000000] kvm-clock: Using msrs 4b564d01 and 4b564d00
[    0.000000] kvm-clock: using sched offset of 4313726188 cycles
[    0.000000] clocksource: kvm-clock: mask: 0xffffffffffffffff max_cycles: 0x1cd42e4dffb, max_idle_ns: 881590591483 ns
[    0.000000] Zone ranges:
[    0.000000]   DMA      [mem 0x0000000000001000-0x0000000000ffffff]
[    0.000000]   DMA32    [mem 0x0000000001000000-0x000000001ffeffff]
[    0.000000]   Normal   empty
[    0.000000]   Device   empty
[    0.000000] Movable zone start for each node
[    0.000000] Early memory node ranges
[    0.000000]   node   0: [mem 0x0000000000001000-0x000000000009efff]
[    0.000000]   node   0: [mem 0x0000000000100000-0x000000001ffeffff]
[    0.000000] Reserved but unavailable: 98 pages
[    0.000000] Initmem setup node 0 [mem 0x0000000000001000-0x000000001ffeffff]
[    0.000000] ACPI: PM-Timer IO Port: 0x4008
[    0.000000] IOAPIC[0]: apic_id 2, version 32, address 0xfec00000, GSI 0-23
[    0.000000] ACPI: INT_SRC_OVR (bus 0 bus_irq 0 global_irq 2 dfl dfl)
[    0.000000] ACPI: INT_SRC_OVR (bus 0 bus_irq 9 global_irq 9 low level)
[    0.000000] Using ACPI (MADT) for SMP configuration information
[    0.000000] smpboot: Allowing 2 CPUs, 0 hotplug CPUs
[    0.000000] PM: Registered nosave memory: [mem 0x00000000-0x00000fff]
[    0.000000] PM: Registered nosave memory: [mem 0x0009f000-0x0009ffff]
[    0.000000] PM: Registered nosave memory: [mem 0x000a0000-0x000effff]
[    0.000000] PM: Registered nosave memory: [mem 0x000f0000-0x000fffff]
[    0.000000] e820: [mem 0x20000000-0xfebfffff] available for PCI devices
[    0.000000] Booting paravirtualized kernel on KVM
[    0.000000] clocksource: refined-jiffies: mask: 0xffffffff max_cycles: 0xffffffff, max_idle_ns: 7645519600211568 ns
[    0.000000] random: get_random_bytes called from start_kernel+0x99/0x4fd with crng_init=0
[    0.000000] setup_percpu: NR_CPUS:8192 nr_cpumask_bits:2 nr_cpu_ids:2 nr_node_ids:1
[    0.000000] percpu: Embedded 46 pages/cpu s151552 r8192 d28672 u1048576
[    0.000000] PV qspinlock hash table entries: 256 (order: 0, 4096 bytes)
[    0.000000] Built 1 zonelists, mobility grouping on.  Total pages: 128889
[    0.000000] Policy zone: DMA32
[    0.000000] Kernel command line: BOOT_IMAGE=/boot/vmlinuz-4.15.0-64-generic root=LABEL=cloudimg-rootfs ro console=tty1 console=ttyS0
[    0.000000] Memory: 467340K/523832K available (12300K kernel code, 2481K rwdata, 4172K rodata, 2436K init, 2384K bss, 56492K reserved, 0K cma-reserved)
[    0.000000] SLUB: HWalign=64, Order=0-3, MinObjects=0, CPUs=2, Nodes=1
[    0.000000] Kernel/User page tables isolation: enabled
[    0.000000] ftrace: allocating 39306 entries in 154 pages
[    0.004000] Hierarchical RCU implementation.
[    0.004000] 	RCU restricting CPUs from NR_CPUS=8192 to nr_cpu_ids=2.
[    0.004000] 	Tasks RCU enabled.
[    0.004000] RCU: Adjusting geometry for rcu_fanout_leaf=16, nr_cpu_ids=2
[    0.004000] NR_IRQS: 524544, nr_irqs: 440, preallocated irqs: 16
[    0.004000] Console: colour VGA+ 80x25
[    0.004000] console [tty1] enabled
[    0.004000] console [ttyS0] enabled
[    0.004000] ACPI: Core revision 20170831
[    0.004000] ACPI: 2 ACPI AML tables successfully acquired and loaded
[    0.004000] APIC: Switch to symmetric I/O mode setup
[    0.004000] x2apic enabled
[    0.004000] Switched APIC routing to physical x2apic.
[    0.004000] ..TIMER: vector=0x30 apic1=0 pin1=2 apic2=-1 pin2=-1
[    0.004003] tsc: Detected 2593.994 MHz processor
[    0.004851] Calibrating delay loop (skipped) preset value.. 5187.98 BogoMIPS (lpj=10375976)
[    0.005441] pid_max: default: 32768 minimum: 301
[    0.006291] Security Framework initialized
[    0.008002] Yama: becoming mindful.
[    0.008628] AppArmor: AppArmor initialized
[    0.009420] Dentry cache hash table entries: 65536 (order: 7, 524288 bytes)
[    0.010642] Inode-cache hash table entries: 32768 (order: 6, 262144 bytes)
[    0.012012] Mount-cache hash table entries: 1024 (order: 1, 8192 bytes)
[    0.013129] Mountpoint-cache hash table entries: 1024 (order: 1, 8192 bytes)
[    0.014555] Last level iTLB entries: 4KB 64, 2MB 8, 4MB 8
[    0.015598] Last level dTLB entries: 4KB 64, 2MB 0, 4MB 0, 1GB 4
[    0.016004] Spectre V1 : Mitigation: usercopy/swapgs barriers and __user pointer sanitization
[    0.017422] Spectre V2 : Mitigation: Full generic retpoline
[    0.018429] Spectre V2 : Spectre v2 / SpectreRSB mitigation: Filling RSB on context switch
[    0.020004] Speculative Store Bypass: Vulnerable
[    0.024043] MDS: Vulnerable: Clear CPU buffers attempted, no microcode
[    0.025299] Freeing SMP alternatives memory: 36K
[    0.032000] smpboot: CPU0: Intel(R) Core(TM) i7-5600U CPU @ 2.60GHz (family: 0x6, model: 0x3d, stepping: 0x4)
[    0.032000] Performance Events: unsupported p6 CPU model 61 no PMU driver, software events only.
[    0.032000] Hierarchical SRCU implementation.
[    0.032542] NMI watchdog: Perf event create on CPU 0 failed with -2
[    0.033707] NMI watchdog: Perf NMI watchdog permanently disabled
[    0.034749] smp: Bringing up secondary CPUs ...
[    0.036113] x86: Booting SMP configuration:
[    0.037086] .... node  #0, CPUs:      #1
[    0.004000] kvm-clock: cpu 1, msr 0:1ff44041, secondary cpu clock
[    0.040025] smp: Brought up 1 node, 2 CPUs
[    0.040748] smpboot: Max logical packages: 1
[    0.041492] smpboot: Total of 2 processors activated (10375.97 BogoMIPS)
[    0.044118] devtmpfs: initialized
[    0.044712] x86/mm: Memory block size: 128MB
[    0.045550] evm: security.selinux
[    0.046148] evm: security.SMACK64
[    0.046719] evm: security.SMACK64EXEC
[    0.047332] evm: security.SMACK64TRANSMUTE
[    0.048003] evm: security.SMACK64MMAP
[    0.048709] evm: security.apparmor
[    0.049281] evm: security.ima
[    0.049882] evm: security.capability
[    0.050620] clocksource: jiffies: mask: 0xffffffff max_cycles: 0xffffffff, max_idle_ns: 7645041785100000 ns
[    0.052010] futex hash table entries: 512 (order: 3, 32768 bytes)
[    0.053085] pinctrl core: initialized pinctrl subsystem
[    0.054063] RTC time:  0:34:59, date: 10/29/19
[    0.056074] NET: Registered protocol family 16
[    0.056990] audit: initializing netlink subsys (disabled)
[    0.057937] audit: type=2000 audit(1572309305.018:1): state=initialized audit_enabled=0 res=1
[    0.057937] cpuidle: using governor ladder
[    0.060009] cpuidle: using governor menu
[    0.060738] ACPI: bus type PCI registered
[    0.061482] acpiphp: ACPI Hot Plug PCI Controller Driver version: 0.5
[    0.062627] PCI: Using configuration type 1 for base access
[    0.064921] HugeTLB registered 2.00 MiB page size, pre-allocated 0 pages
[    0.065590] ACPI: Added _OSI(Module Device)
[    0.068018] ACPI: Added _OSI(Processor Device)
[    0.068857] ACPI: Added _OSI(3.0 _SCP Extensions)
[    0.069719] ACPI: Added _OSI(Processor Aggregator Device)
[    0.070894] ACPI: Added _OSI(Linux-Dell-Video)
[    0.072012] ACPI: Added _OSI(Linux-Lenovo-NV-HDMI-Audio)
[    0.072983] ACPI: Added _OSI(Linux-HPI-Hybrid-Graphics)
[    0.074399] ACPI: Executed 1 blocks of module-level executable AML code
[    0.079681] ACPI: Interpreter enabled
[    0.080032] ACPI: (supports S0 S5)
[    0.080770] ACPI: Using IOAPIC for interrupt routing
[    0.082272] PCI: Using host bridge windows from ACPI; if necessary, use "pci=nocrs" and report a bug
[    0.084193] ACPI: Enabled 2 GPEs in block 00 to 07
[    0.095738] ACPI: PCI Root Bridge [PCI0] (domain 0000 [bus 00-ff])
[    0.096009] acpi PNP0A03:00: _OSC: OS supports [ASPM ClockPM Segments MSI]
[    0.097620] acpi PNP0A03:00: _OSC: not requesting OS control; OS requires [ExtendedConfig ASPM ClockPM MSI]
[    0.100012] acpi PNP0A03:00: fail to add MMCONFIG information, can't access extended PCI configuration space under this bridge.
[    0.102251] PCI host bridge to bus 0000:00
[    0.103035] pci_bus 0000:00: root bus resource [io  0x0000-0x0cf7 window]
[    0.104000] pci_bus 0000:00: root bus resource [io  0x0d00-0xffff window]
[    0.104004] pci_bus 0000:00: root bus resource [mem 0x000a0000-0x000bffff window]
[    0.105312] pci_bus 0000:00: root bus resource [mem 0x20000000-0xfdffffff window]
[    0.106529] pci_bus 0000:00: root bus resource [bus 00-ff]
[    0.109721] pci 0000:00:01.1: legacy IDE quirk: reg 0x10: [io  0x01f0-0x01f7]
[    0.110890] pci 0000:00:01.1: legacy IDE quirk: reg 0x14: [io  0x03f6]
[    0.112003] pci 0000:00:01.1: legacy IDE quirk: reg 0x18: [io  0x0170-0x0177]
[    0.113207] pci 0000:00:01.1: legacy IDE quirk: reg 0x1c: [io  0x0376]
[    0.130738] pci 0000:00:07.0: quirk: [io  0x4000-0x403f] claimed by PIIX4 ACPI
[    0.132000] pci 0000:00:07.0: quirk: [io  0x4100-0x410f] claimed by PIIX4 SMB
[    0.149012] ACPI: PCI Interrupt Link [LNKA] (IRQs 5 9 10 *11)
[    0.150419] ACPI: PCI Interrupt Link [LNKB] (IRQs 5 9 *10 11)
[    0.151500] ACPI: PCI Interrupt Link [LNKC] (IRQs 5 *9 10 11)
[    0.152106] ACPI: PCI Interrupt Link [LNKD] (IRQs 5 9 10 *11)
[    0.153487] SCSI subsystem initialized
[    0.154237] pci 0000:00:02.0: vgaarb: setting as boot VGA device
[    0.154237] pci 0000:00:02.0: vgaarb: VGA device added: decodes=io+mem,owns=io+mem,locks=none
[    0.156022] pci 0000:00:02.0: vgaarb: bridge control possible
[    0.157026] vgaarb: loaded
[    0.157571] ACPI: bus type USB registered
[    0.158343] usbcore: registered new interface driver usbfs
[    0.160017] usbcore: registered new interface driver hub
[    0.160933] usbcore: registered new device driver usb
[    0.161868] EDAC MC: Ver: 3.0.0
[    0.161868] PCI: Using ACPI for IRQ routing
[    0.164311] NetLabel: Initializing
[    0.164967] NetLabel:  domain hash size = 128
[    0.165674] NetLabel:  protocols = UNLABELED CIPSOv4 CALIPSO
[    0.166641] NetLabel:  unlabeled traffic allowed by default
[    0.168127] clocksource: Switched to clocksource kvm-clock
[    0.188596] VFS: Disk quotas dquot_6.6.0
[    0.189462] VFS: Dquot-cache hash table entries: 512 (order 0, 4096 bytes)
[    0.190665] AppArmor: AppArmor Filesystem Enabled
[    0.191546] pnp: PnP ACPI init
[    0.193082] pnp: PnP ACPI: found 3 devices
[    0.203547] clocksource: acpi_pm: mask: 0xffffff max_cycles: 0xffffff, max_idle_ns: 2085701024 ns
[    0.205078] NET: Registered protocol family 2
[    0.206112] TCP established hash table entries: 4096 (order: 3, 32768 bytes)
[    0.207240] TCP bind hash table entries: 4096 (order: 4, 65536 bytes)
[    0.208406] TCP: Hash tables configured (established 4096 bind 4096)
[    0.209460] UDP hash table entries: 256 (order: 1, 8192 bytes)
[    0.210356] UDP-Lite hash table entries: 256 (order: 1, 8192 bytes)
[    0.211384] NET: Registered protocol family 1
[    0.212144] pci 0000:00:00.0: Limiting direct PCI/PCI transfers
[    0.213154] pci 0000:00:01.0: Activating ISA DMA hang workarounds
[    0.214156] pci 0000:00:02.0: Video device with shadowed ROM at [mem 0x000c0000-0x000dffff]
[    0.215647] Unpacking initramfs...
[    0.562292] Freeing initrd memory: 19148K
[    0.563141] clocksource: tsc: mask: 0xffffffffffffffff max_cycles: 0x256412811b4, max_idle_ns: 440795306987 ns
[    0.564998] platform rtc_cmos: registered platform RTC device (no PNP device found)
[    0.566365] Scanning for low memory corruption every 60 seconds
[    0.568212] Initialise system trusted keyrings
[    0.568990] Key type blacklist registered
[    0.569825] workingset: timestamp_bits=36 max_order=17 bucket_order=0
[    0.571716] zbud: loaded
[    0.572805] squashfs: version 4.0 (2009/01/31) Phillip Lougher
[    0.574072] fuse init (API version 7.26)
[    0.581990] Key type asymmetric registered
[    0.582721] Asymmetric key parser 'x509' registered
[    0.583469] Block layer SCSI generic (bsg) driver version 0.4 loaded (major 246)
[    0.584654] io scheduler noop registered
[    0.585242] io scheduler deadline registered
[    0.585915] io scheduler cfq registered (default)
[    0.586887] ACPI: AC Adapter [AC] (on-line)
[    0.587624] input: Power Button as /devices/LNXSYSTM:00/LNXPWRBN:00/input/input0
[    0.588776] ACPI: Power Button [PWRF]
[    0.589385] input: Sleep Button as /devices/LNXSYSTM:00/LNXSLPBN:00/input/input1
[    0.590461] ACPI: Sleep Button [SLPF]
[    0.592182] ACPI: Battery Slot [BAT0] (battery present)
[    0.592197] Serial: 8250/16550 driver, 32 ports, IRQ sharing enabled
[    0.614544] 00:02: ttyS0 at I/O 0x3f8 (irq = 4, base_baud = 115200) is a 16550A
[    0.617077] Linux agpgart interface v0.103
[    0.618968] loop: module loaded
[    0.620188] scsi host0: ata_piix
[    0.621068] scsi host1: ata_piix
[    0.621689] ata1: PATA max UDMA/33 cmd 0x1f0 ctl 0x3f6 bmdma 0xd000 irq 14
[    0.622933] ata2: PATA max UDMA/33 cmd 0x170 ctl 0x376 bmdma 0xd008 irq 15
[    0.624222] libphy: Fixed MDIO Bus: probed
[    0.624957] tun: Universal TUN/TAP device driver, 1.6
[    0.625910] PPP generic driver version 2.4.2
[    0.626723] ehci_hcd: USB 2.0 'Enhanced' Host Controller (EHCI) Driver
[    0.627850] ehci-pci: EHCI PCI platform driver
[    0.628680] ehci-platform: EHCI generic platform driver
[    0.629576] ohci_hcd: USB 1.1 'Open' Host Controller (OHCI) Driver
[    0.630621] ohci-pci: OHCI PCI platform driver
[    0.631450] ohci-platform: OHCI generic platform driver
[    0.632511] uhci_hcd: USB Universal Host Controller Interface driver
[    0.633786] i8042: PNP: PS/2 Controller [PNP0303:PS2K,PNP0f03:PS2M] at 0x60,0x64 irq 1,12
[    0.635720] serio: i8042 KBD port at 0x60,0x64 irq 1
[    0.636648] serio: i8042 AUX port at 0x60,0x64 irq 12
[    0.637672] mousedev: PS/2 mouse device common for all mice
[    0.638834] input: AT Translated Set 2 keyboard as /devices/platform/i8042/serio0/input/input2
[    0.640654] rtc_cmos rtc_cmos: rtc core: registered rtc_cmos as rtc0
[    0.641752] rtc_cmos rtc_cmos: alarms up to one day, 114 bytes nvram
[    0.642823] i2c /dev entries driver
[    0.643500] device-mapper: uevent: version 1.0.3
[    0.644501] device-mapper: ioctl: 4.37.0-ioctl (2017-09-20) initialised: dm-devel@redhat.com
[    0.646024] ledtrig-cpu: registered to indicate activity on CPUs
[    0.647709] NET: Registered protocol family 10
[    0.652757] Segment Routing with IPv6
[    0.653494] NET: Registered protocol family 17
[    0.654391] Key type dns_resolver registered
[    0.655345] mce: Using 0 MCE banks
[    0.656052] RAS: Correctable Errors collector initialized.
[    0.657012] sched_clock: Marking stable (656036760, 0)->(898435955, -242399195)
[    0.658570] registered taskstats version 1
[    0.659311] Loading compiled-in X.509 certificates
[    0.662864] Loaded X.509 cert 'Build time autogenerated kernel key: 9ff85db0b1f72c0c954e4d2eaca5a9366845820b'
[    0.664744] zswap: loaded using pool lzo/zbud
[    0.669459] Key type big_key registered
[    0.670200] Key type trusted registered
[    0.672851] Key type encrypted registered
[    0.673591] AppArmor: AppArmor sha1 policy hashing enabled
[    0.674539] ima: No TPM chip found, activating TPM-bypass! (rc=-19)
[    0.675612] ima: Allocated hash algorithm: sha1
[    0.676508] evm: HMAC attrs: 0x1
[    0.677393]   Magic number: 7:231:558
[    0.678075] tty ttyS30: hash matches
[    0.678750] misc vga_arbiter: hash matches
[    0.679628] rtc_cmos rtc_cmos: setting system clock to 2019-10-29 00:35:00 UTC (1572309300)
[    0.681350] BIOS EDD facility v0.16 2004-Jun-25, 0 devices found
[    0.682357] EDD information not available.
[    0.799425] Freeing unused kernel image memory: 2436K
[    0.805047] Write protecting the kernel read-only data: 20480k
[    0.811153] Freeing unused kernel image memory: 2008K
[    0.816040] Freeing unused kernel image memory: 1972K
[    0.844147] x86/mm: Checked W+X mappings: passed, no W+X pages found.
[    0.848448] x86/mm: Checking user space page tables
[    0.872519] x86/mm: Checked W+X mappings: passed, no W+X pages found.
Loading, please wait...
starting version 237
[    0.964747] e1000: Intel(R) PRO/1000 Network Driver - version 7.3.21-k8-NAPI
[    0.966014] e1000: Copyright (c) 1999-2006 Intel Corporation.
[    0.970701] Fusion MPT base driver 3.04.20
[    0.971515] Copyright (c) 1999-2008 LSI Corporation
[    0.987200] AVX2 version of gcm_enc/dec engaged.
[    0.988120] AES CTR mode by8 optimization enabled
[    0.992879] Fusion MPT SPI Host driver 3.04.20
[    1.187228] input: ImExPS/2 Generic Explorer Mouse as /devices/platform/i8042/serio1/input/input4
[    1.348559] e1000 0000:00:03.0 eth0: (PCI:33MHz:32-bit) 02:50:d4:3b:43:74
[    1.349688] e1000 0000:00:03.0 eth0: Intel(R) PRO/1000 Network Connection
[    1.351787] mptbase: ioc0: Initiating bringup
[    1.464946] ioc0: LSI53C1030 A0: Capabilities={Initiator}
[    2.435048] scsi host2: ioc0: LSI53C1030 A0, FwRev=00000000h, Ports=1, MaxQ=256, IRQ=20
[    2.699805] scsi 2:0:0:0: Direct-Access     VBOX     HARDDISK         1.0  PQ: 0 ANSI: 5
[    2.744177] scsi target2:0:0: Beginning Domain Validation
[    2.751826] scsi target2:0:0: Domain Validation skipping write tests
[    2.755984] scsi target2:0:0: Ending Domain Validation
[    2.759319] scsi target2:0:0: asynchronous
[    2.763414] scsi 2:0:1:0: Direct-Access     VBOX     HARDDISK         1.0  PQ: 0 ANSI: 5
[    3.064544] scsi target2:0:1: Beginning Domain Validation
[    3.067317] random: fast init done
[    3.068334] scsi target2:0:1: Domain Validation skipping write tests
[    3.069516] scsi target2:0:1: Ending Domain Validation
[    3.070751] scsi target2:0:1: asynchronous
[    3.076890] random: systemd-udevd: uninitialized urandom read (16 bytes read)
[    3.078442] random: systemd-udevd: uninitialized urandom read (16 bytes read)
[    3.079725] random: systemd-udevd: uninitialized urandom read (16 bytes read)
[    3.081650] sd 2:0:0:0: Attached scsi generic sg0 type 0
[    3.081921] sd 2:0:0:0: [sda] 20971520 512-byte logical blocks: (10.7 GB/10.0 GiB)
[    3.083240] sd 2:0:1:0: Attached scsi generic sg1 type 0
[    3.084932] sd 2:0:1:0: [sdb] 20480 512-byte logical blocks: (10.5 MB/10.0 MiB)
[    3.088203] sd 2:0:1:0: [sdb] Write Protect is off
[    3.089104] sd 2:0:0:0: [sda] Write Protect is off
[    3.094133] sd 2:0:1:0: [sdb] Incomplete mode parameter data
[    3.095156] sd 2:0:1:0: [sdb] Assuming drive cache: write through
[    3.096180] sd 2:0:0:0: [sda] Incomplete mode parameter data
[    3.097646] sd 2:0:0:0: [sda] Assuming drive cache: write through
[    3.105105] e1000 0000:00:08.0 eth1: (PCI:33MHz:32-bit) 08:00:27:2b:63:46
[    3.106224] e1000 0000:00:08.0 eth1: Intel(R) PRO/1000 Network Connection
[    3.131336]  sda: sda1
[    3.137684] sd 2:0:0:0: [sda] Attached SCSI disk
[    3.139049] sd 2:0:1:0: [sdb] Attached SCSI disk
[    3.495855] e1000 0000:00:09.0 eth2: (PCI:33MHz:32-bit) 08:00:27:df:f3:77
[    3.497095] e1000 0000:00:09.0 eth2: Intel(R) PRO/1000 Network Connection
[    3.872368] e1000 0000:00:0a.0 eth3: (PCI:33MHz:32-bit) 08:00:27:b5:79:f2
[    3.873531] e1000 0000:00:0a.0 eth3: Intel(R) PRO/1000 Network Connection
[    3.875643] e1000 0000:00:09.0 enp0s9: renamed from eth2
[    3.909365] e1000 0000:00:08.0 enp0s8: renamed from eth1
[    3.932242] e1000 0000:00:03.0 enp0s3: renamed from eth0
[    3.949668] e1000 0000:00:0a.0 enp0s10: renamed from eth3
Begin: Loading essential drivers ... [    5.460255] raid6: sse2x1   gen() 10053 MB/s
[    5.508052] raid6: sse2x1   xor()  6913 MB/s
[    5.556443] raid6: sse2x2   gen() 12315 MB/s
[    5.604286] raid6: sse2x2   xor()  7675 MB/s
[    5.652129] raid6: sse2x4   gen() 14471 MB/s
[    5.700044] raid6: sse2x4   xor()  8853 MB/s
[    5.748047] raid6: avx2x1   gen() 17422 MB/s
[    5.796050] raid6: avx2x1   xor() 13140 MB/s
[    5.844475] raid6: avx2x2   gen() 23225 MB/s
[    5.892304] raid6: avx2x2   xor() 13477 MB/s
[    5.940075] raid6: avx2x4   gen() 20605 MB/s
[    5.988042] raid6: avx2x4   xor() 12603 MB/s
[    5.988762] raid6: using algorithm avx2x2 gen() 23225 MB/s
[    5.989727] raid6: .... xor() 13477 MB/s, rmw enabled
[    5.990576] raid6: using avx2x2 recovery algorithm
[    5.992738] xor: automatically using best checksumming function   avx       
[    5.995321] async_tx: api initialized (async)
done.
Begin: Running /scripts/init-premount ... done.
Begin: Mounting root file system ... Begin: Running /scripts/local-top ... done.
Begin: Running /scripts/local-premount ... [    6.047566] Btrfs loaded, crc32c=crc32c-intel
Scanning for Btrfs filesystems
done.
Warning: fsck not present, so skipping root file system
[    6.153794] EXT4-fs (sda1): mounted filesystem with ordered data mode. Opts: (null)
done.
Begin: Running /scripts/local-bottom ... done.
Begin: Running /scripts/init-bottom ... done.
[    8.252406] random: crng init done
[    8.254322] random: 7 urandom warning(s) missed due to ratelimiting
[    8.490345] ip_tables: (C) 2000-2006 Netfilter Core Team
[    8.686853] systemd[1]: systemd 237 running in system mode. (+PAM +AUDIT +SELINUX +IMA +APPARMOR +SMACK +SYSVINIT +UTMP +LIBCRYPTSETUP +GCRYPT +GNUTLS +ACL +XZ +LZ4 +SECCOMP +BLKID +ELFUTILS +KMOD -IDN2 +IDN -PCRE2 default-hierarchy=hybrid)
[    8.701075] systemd[1]: Detected virtualization oracle.
[    8.705833] systemd[1]: Detected architecture x86-64.

Welcome to [1mUbuntu 18.04.3 LTS[0m!

[    8.754124] systemd[1]: Set hostname to <ubuntu>.
[    8.846256] systemd[1]: Initializing machine ID from random generator.
[    8.849018] systemd[1]: Installed transient /etc/machine-id file.
[   11.433110] systemd[1]: Set up automount Arbitrary Executable File Formats File System Automount Point.
[[0;32m  OK  [0m] Set up automount Arbitrary Executab…rmats File System Automount Point.
[   11.436083] systemd[1]: Reached target User and Group Name Lookups.
[[0;32m  OK  [0m] Reached target User and Group Name Lookups.
[   11.437850] systemd[1]: Reached target Swap.
[[0;32m  OK  [0m] Reached target Swap.
[   11.439093] systemd[1]: Started Forward Password Requests to Wall Directory Watch.
[[0;32m  OK  [0m] Started Forward Password Requests to Wall Directory Watch.
[[0;32m  OK  [0m] Reached target System Time Synchronized.
[[0;32m  OK  [0m] Created slice User and Session Slice.
[[0;32m  OK  [0m] Created slice System Slice.
[[0;32m  OK  [0m] Listening on LVM2 poll daemon socket.
[[0;32m  OK  [0m] Listening on Journal Socket (/dev/log).
[[0;32m  OK  [0m] Listening on LVM2 metadata daemon socket.
[[0;32m  OK  [0m] Listening on Journal Socket.
         Starting Set the console keyboard layout...
         Starting Uncomplicated firewall...
[[0;32m  OK  [0m] Listening on udev Kernel Socket.
[[0;32m  OK  [0m] Listening on Syslog Socket.
         Mounting Kernel Debug File System...
[[0;32m  OK  [0m] Listening on Journal Audit Socket.
         Mounting Huge Pages File System...
[[0;32m  OK  [0m] Listening on udev Control Socket.
         Starting Create list of required st…ce nodes for the current kernel...
         Starting Remount Root and Kernel File Systems...
         Starting Load Kernel Modules...
         Starting udev Coldplug all Devices...
[[0;32m  OK  [0m] Listening on Network Service Netlink Socket.
         Mounting POSIX Message Queue File System...
         Starting Journal Service...
[[0;32m  OK  [0m] Listening on /dev/initctl Compatibility Named Pipe.
[   11.601427] Loading iSCSI transport class v2.0-870.
[[0;32m  OK  [0m] Reached target Slices.
[[0;32m  OK  [0m] Created slice system-serial\x2dgetty.slice.
[[0;32m  OK  [0m] Listening on Device-mapper event daemon FIFOs.
         Starting Monitoring of LVM2 mirrors…ng dmeventd or progress polling...
[[0;32m  OK  [0m] Started Uncomplicated firewa[   11.637169] EXT4-fs (sda1): re-mounted. Opts: (null)
ll.
[[0;32m  OK  [0m] Mounted Kernel Debug File System.
[[0;32m  OK  [0m] Mounted Huge Pages File System.
[[0;32m  OK  [0m] Started Create list of required sta…vice nodes for the current kernel.
[[0;32m  OK  [0m] Started Remount Root and Kernel File Systems.
[[0;32m  OK  [0m] Mounted POSIX Message Queue File System.
         Starting Load/Save Random Seed...
[   11.678435] iscsi: registered transport (tcp)
         Starting Create Static Device Nodes in /dev...
[[0;32m  OK  [0m] Started udev Coldplug all Devices.
[[0;32m  OK  [0m] Started Load/Save Random Seed.
[[0;32m  OK  [0m] Started Journal Service.
         Starting Flush Journal to Persistent Storage...
[[0;32m  OK  [0m] Started Set the console keyboard layout.
[   12.031609] systemd-journald[391]: Received request to flush runtime journal from PID 1
[[0;32m  OK  [0m] Started Create Static Device Nodes in /dev.
         Starting udev Kernel Device Manager...
[   12.127340] iscsi: registered transport (iser)
[[0;32m  OK  [0m] Started Load Kernel Modules.
         Mounting FUSE Control File System...
         Mounting Kernel Configuration File System...
         Starting Apply Kernel Variables...
[[0;32m  OK  [0m] Mounted FUSE Control File System.
[[0;32m  OK  [0m] Mounted Kernel Configuration File System.
[[0;32m  OK  [0m] Started LVM2 metadata daemon.
[[0;32m  OK  [0m] Started Apply Kernel Variables.
[[0;32m  OK  [0m] Started Flush Journal to Persistent Storage.
[[0;32m  OK  [0m] Started Monitoring of LVM2 mirrors,…sing dmeventd or progress polling.
[[0;32m  OK  [0m] Reached target Local File Systems (Pre).
[[0;32m  OK  [0m] Reached target Local File Systems.
         Starting Commit a transient machine-id on disk...
         Starting Tell Plymouth To Write Out Runtime Data...
         Starting Create Volatile Files and Directories...
         Starting Set console font and keymap...
         Starting ebtables ruleset management...
         Starting AppArmor initialization...
[[0;32m  OK  [0m] Started udev Kernel Device Manager.
[[0;32m  OK  [0m] Started Dispatch Password Requests to Console Directory Watch.
[[0;32m  OK  [0m] Reached target Local Encrypted Volumes.
[[0;32m  OK  [0m] Started Tell Plymouth To Write Out Runtime Data.
[[0;32m  OK  [0m] Started Set console font and keymap.
[[0;32m  OK  [0m] Started Create Volatile Files and Directories.
         Starting Update UTMP about System Boot/Shutdown...
[[0;32m  OK  [0m] Started Update UTMP about System Boot/Shutdown.
[[0;32m  OK  [0m] Started Commit a transient machine-id on disk.
[[0;32m  OK  [0m] Started ebtables ruleset management.
[[0;32m  OK  [0m] Found device /dev/ttyS0.
[[0;32m  OK  [0m] Listening on Load/Save RF Kill Switch Status /dev/rfkill Watch.
[[0;32m  OK  [0m] Started AppArmor initialization.
         Starting Initial cloud-init job (pre-networking)...
[   24.200591] cloud-init[554]: Cloud-init v. 19.2-24-ge7881d5c-0ubuntu1~18.04.1 running 'init-local' at Tue, 29 Oct 2019 00:35:23 +0000. Up 23.47 seconds.
[[0;32m  OK  [0m] Started Initial cloud-init job (pre-networking).
[[0;32m  OK  [0m] Reached target Network (Pre).
         Starting Network Service...
[[0;32m  OK  [0m] Started Network Service.
         Starting Network Name Resolution...
         Starting Wait for Network to be Configured...
[[0;32m  OK  [0m] Started Network Name Resolution.
[[0;32m  OK  [0m] Reached target Network.
[[0;32m  OK  [0m] Reached target Host and Network Name Lookups.
[[0;32m  OK  [0m] Started Wait for Network to be Configured.
         Starting Initial cloud-init job (metadata service crawler)...
[   27.006669] cloud-init[676]: Cloud-init v. 19.2-24-ge7881d5c-0ubuntu1~18.04.1 running 'init' at Tue, 29 Oct 2019 00:35:26 +0000. Up 26.81 seconds.
[   27.008597] cloud-init[676]: ci-info: +++++++++++++++++++++++++++++++++++++++Net device info+++++++++++++++++++++++++++++++++++++++
[   27.010060] cloud-init[676]: ci-info: +---------+-------+----------------------------+---------------+--------+-------------------+
[   27.011092] cloud-init[676]: ci-info: |  Device |   Up  |          Address           |      Mask     | Scope  |     Hw-Address    |
[   27.012076] cloud-init[676]: ci-info: +---------+-------+----------------------------+---------------+--------+-------------------+
[   27.013117] cloud-init[676]: ci-info: | enp0s10 | False |             .              |       .       |   .    | 08:00:27:b5:79:f2 |
[   27.014160] cloud-init[676]: ci-info: |  enp0s3 |  True |         10.0.2.15          | 255.255.255.0 | global | 02:50:d4:3b:43:74 |
[   27.015445] cloud-init[676]: ci-info: |  enp0s3 |  True | fe80::50:d4ff:fe3b:4374/64 |       .       |  link  | 02:50:d4:3b:43:74 |
[   27.016832] cloud-init[676]: ci-info: |  enp0s8 | False |             .              |       .       |   .    | 08:00:27:2b:63:46 |
[   27.018517] cloud-init[676]: ci-info: |  enp0s9 | False |             .              |       .       |   .    | 08:00:27:df:f3:77 |
[   27.019980] cloud-init[676]: ci-info: |    lo   |  True |         127.0.0.1          |   255.0.0.0   |  host  |         .         |
[   27.021821] cloud-init[676]: ci-info: |    lo   |  True |          ::1/128           |       .       |  host  |         .         |
[   27.023224] cloud-init[676]: ci-info: +---------+-------+----------------------------+---------------+--------+-------------------+
[   27.024608] cloud-init[676]: ci-info: ++++++++++++++++++++++++++++Route IPv4 info+++++++++++++++++++++++++++++
[   27.025880] cloud-init[676]: ci-info: +-------+-------------+----------+-----------------+-----------+-------+
[   27.027046] cloud-init[676]: ci-info: | Route | Destination | Gateway  |     Genmask     | Interface | Flags |
[   27.028365] cloud-init[676]: ci-info: +-------+-------------+----------+-----------------+-----------+-------+
[   27.029565] cloud-init[676]: ci-info: |   0   |   0.0.0.0   | 10.0.2.2 |     0.0.0.0     |   enp0s3  |   UG  |
[   27.030972] cloud-init[676]: ci-info: |   1   |   10.0.2.0  | 0.0.0.0  |  255.255.255.0  |   enp0s3  |   U   |
[   27.032769] cloud-init[676]: ci-info: |   2   |   10.0.2.2  | 0.0.0.0  | 255.255.255.255 |   enp0s3  |   UH  |
[   27.034157] cloud-init[676]: ci-info: +-------+-------------+----------+-----------------+-----------+-------+
[   27.035525] cloud-init[676]: ci-info: +++++++++++++++++++Route IPv6 info+++++++++++++++++++
[   27.036615] cloud-init[676]: ci-info: +-------+-------------+---------+-----------+-------+
[   27.037632] cloud-init[676]: ci-info: | Route | Destination | Gateway | Interface | Flags |
[   27.038665] cloud-init[676]: ci-info: +-------+-------------+---------+-----------+-------+
[   27.039706] cloud-init[676]: ci-info: |   1   |  fe80::/64  |    ::   |   enp0s3  |   U   |
[   27.040767] cloud-init[676]: ci-info: |   3   |    local    |    ::   |   enp0s3  |   U   |
[   27.041739] cloud-init[676]: ci-info: |   4   |   ff00::/8  |    ::   |   enp0s3  |   U   |
[   27.042624] cloud-init[676]: ci-info: +-------+-------------+---------+-----------+-------+
[   29.853527] cloud-init[676]: Generating public/private rsa key pair.
[   29.854684] cloud-init[676]: Your identification has been saved in /etc/ssh/ssh_host_rsa_key.
[   29.856230] cloud-init[676]: Your public key has been saved in /etc/ssh/ssh_host_rsa_key.pub.
[   29.857968] cloud-init[676]: The key fingerprint is:
[   29.859068] cloud-init[676]: SHA256:qWC8Fppg61w/wd0fKkcc6MxVWYNg4x1YuHECsjPBsPw root@ubuntu-bionic
[   29.860675] cloud-init[676]: The key's randomart image is:
[   29.861829] cloud-init[676]: +---[RSA 2048]----+
[   29.862898] cloud-init[676]: |   .oo ..+=o+o   |
[   29.864029] cloud-init[676]: |  . ..+ o=o=. .  |
[   29.865287] cloud-init[676]: |   o +  ..*.     |
[   29.866315] cloud-init[676]: |   .. o. =       |
[   29.867512] cloud-init[676]: |..  *E= S .      |
[   29.868761] cloud-init[676]: |...+ * * + .     |
[   29.869908] cloud-init[676]: | .o.o o . o .    |
[   29.871172] cloud-init[676]: |o .... . o .     |
[   29.872199] cloud-init[676]: | o   .. o        |
[   29.873317] cloud-init[676]: +----[SHA256]-----+
[   29.874464] cloud-init[676]: Generating public/private dsa key pair.
[   29.892823] cloud-init[676]: Your identification has been saved in /etc/ssh/ssh_host_dsa_key.
[   29.894242] cloud-init[676]: Your public key has been saved in /etc/ssh/ssh_host_dsa_key.pub.
[   29.896686] cloud-init[676]: The key fingerprint is:
[   29.912393] cloud-init[676]: SHA256:FuvCbjS8IdV9dFoWYArLRu6JRmladLG0eNMt7YYxDyQ root@ubuntu-bionic
[   29.913723] cloud-init[676]: The key's randomart image is:
[   29.914483] cloud-init[676]: +---[DSA 1024]----+
[   29.915137] cloud-init[676]: |      . E.. o... |
[   29.915809] cloud-init[676]: |     . O O =. +  |
[   29.916520] cloud-init[676]: |      *.@.B.o=   |
[   29.936651] cloud-init[676]: |     =.=.=.Oo    |
[[0;32m  OK  [0m] Started Initial cloud-init job (metadata service crawler).
[[0;32m  OK  [0m] Reached target Network is Online.
[   29.949908] cloud-init[676]: |    .oo S ..+    |
         Starting Availability of block devices...
[[0;32m  OK  [0m] Reached target Remote File Systems (Pre).
[   29.951613] cloud-init[676]: |    .o=o   .     |
[   29.954269] cloud-init[676]: |     oo+.        |
[   29.955826] cloud-init[676]: |     .o.         |
[[0;32m  OK  [0m] Reached target Remote File Systems.
[[0;32m  OK  [0m] Reached target System Initialization.
[[0;32m  OK  [0m] Started Message of the Day.
[[0;32m  OK  [0m] Listening on D-Bus System Message Bus Socket.
[[0;32m  OK  [0m] Started Daily apt download activities.
[[0;32m  OK  [0m] Started Daily apt upgrade and clean activities.
[[0;32m  OK  [0m] Started Discard unused blocks once a week.
[   29.962834] cloud-init[676]: |     ..          |
[   29.965866] cloud-init[676]: +----[SHA256]-----+
[   29.966888] cloud-init[676]: Generating public/private ecdsa key pair.
[   29.968147] cloud-init[676]: Your identification has been saved in /etc/ssh/ssh_host_ecdsa_key.
[   29.969527] cloud-init[676]: Your public key has been saved in /etc/ssh/ssh_host_ecdsa_key.pub.
[   29.971051] cloud-init[676]: The key fingerprint is:
[   29.971921] cloud-init[676]: SHA256:/sBu9deQ4DwFYCmWR4rynwMw+Lv2DmUEIcyXwBXc+Cg root@ubuntu-bionic
         Starting LXD - unix socket.
[   29.976515] cloud-init[676]: The key's randomart image is:
         Starting Socket activation for snappy daemon.
[[0;32m  OK  [0m] Listening on UUID daemon activation socket.
[[0;32m  OK  [0m] Started Daily Cleanup of Temporary Directories.
[[0;32m  OK  [0m] Started ACPI Events Check.
[[0;32m  OK  [0m] Reached target Timers.
[[0;32m  OK  [0m] Listening on Open-iSCSI iscsid Socket.
[[0;32m  OK  [0m] Reached target Paths.
[   29.985545] [[0;32m  OK  [0m] Listening on ACPID Listen Socket.
[[0;32m  OK  [0m] Reached target Cloud-config availability.
[[0;32m  OK  [0m] Listening on LXD - unix socket.
[[0;32m  OK  [0m] Listening on Socket activation for snappy daemon.
[[0;32m  OK  [0m] Reached target Sockets.
[[0;32m  OK  [0m] Reached target Basic System.
         Starting System Logging Service...
         Starting LSB: Record successful boot for GRUB...
cloud-init[676]: +---[ECDSA 256]---+
         Starting Virtualbox guest utils...
[   29.997259] cloud-init[676]: | +o+=*   o+o     |
[   29.999313] cloud-init[676]: |  +o=...+oo .    |         Starting LSB: automatic crash report generation...

[   30.004252] cloud-init[676]: |  ..+oo..o   .   |
[   30.005523] cloud-init[676]: |  E..*.     . .  |
[   30.006505] cloud-init[676]: |   .. = S  o o . |
[   30.008011] cloud-init[676]: |     + = .. + o  |
[   30.009844] cloud-init[676]: |    o   B. . . o |
[   30.010902] cloud-init[676]: |    .o ..+  . . .|
[   30.012496] cloud-init[676]: |   ..oo.. .  .   |
[   30.013524] cloud-init[676]: +----[SHA256]-----+
[   30.015383] cloud-init[676]: Generating public/private ed25519 key pair.
[   30.032367] cloud-init[676]: Your identification has been saved in /etc/ssh/ssh_host_ed25519_key.
[   30.033807] cloud-init[676]: Your public key has been saved in /etc/ssh/ssh_host_ed25519_key.pub.
[   30.035157] cloud-init[676]: The key fingerprint is:
[   30.036113] cloud-init[676]: SHA256:Ps/gc+nOw4fxhfIrVOe4xv6O9Q/oO5NIpY4RjuTVCVw root@ubuntu-bionic
[   30.037719] cloud-init[676]: The key's randomart image is:
[   30.038784] cloud-init[676]: +--[ED25519 256]--+
[   30.039719] cloud-init[676]: |       . .E      |
[   30.040790] cloud-init[676]: |        o        |
[   30.042388] cloud-init[676]: |         o .     |
[   30.044894] cloud-init[676]: |      . o o o .  |
[   30.046279] cloud-init[676]: |     o +S. + =   |
[   30.047137] cloud-init[676]: |      o.o * o.o  |
[   30.047805] cloud-init[676]: |        +B X.+o  |
[   30.048597] cloud-init[676]: |       .o*X.@o o |
[   30.049438] cloud-init[676]: |        .=***Bo +|
[   30.050312] cloud-init[676]: +----[SHA256]-----+
[[0;32m  OK  [0m] Started Regular background program processing daemon.
[[0;32m  OK  [0m] Started D-Bus System Message Bus.
[[0;32m  OK  [0m] Started FUSE filesystem for LXC.
         Starting Dispatcher daemon for systemd-networkd...
         Starting Permit User Sessions...
         Starting Login Service...
         Starting Pollinate to seed the pseudo random number generator...
[[0;32m  OK  [0m] Started Deferred execution scheduler.
[[0;32m  OK  [0m] Started irqbalance daemon.
         Starting Snappy daemon...
         Starting Accounts Service...
         Starting LXD - container startup/shutdown...
[[0;32m  OK  [0m] Started System Logging Service.
[[0;32m  OK  [0m] Started Availability of block devices.
[[0;32m  OK  [0m] Started Permit User Sessions.
[[0;32m  OK  [0m] Started Login Service.
[[0;32m  OK  [0m] Started Unattended Upgrades Shutdown.
         Starting Hold until boot process finishes up...
         Starting Terminate Plymouth Boot Screen...
[[0;32m  OK  [0m] Started Hold until boot process finishes up.
[[0;32m  OK  [0m] Started Serial Getty on ttyS0.
         Starting Set console scheme...
[[0;32m  OK  [0m] Started Terminate Plymouth Boot Screen.
[[0;32m  OK  [0m] Started Set console scheme.
[[0;32m  OK  [0m] Created slice system-getty.slice.
[[0;32m  OK  [0m] Started Getty on tty1.
[[0;32m  OK  [0m] Reached target Login Prompts.
[[0;32m  OK  [0m] Started LSB: automatic crash report generation.
[[0;32m  OK  [0m] Started LSB: Record successful boot for GRUB.
         Starting Authorization Manager...
[[0;32m  OK  [0m] Started Virtualbox guest utils.
[[0;32m  OK  [0m] Started Authorization Manager.
[[0;32m  OK  [0m] Started Accounts Service.

Ubuntu 18.04.3 LTS ubuntu-bionic ttyS0

ubuntu-bionic login: [   43.715324] cloud-init[1379]: Cloud-init v. 19.2-24-ge7881d5c-0ubuntu1~18.04.1 running 'modules:config' at Tue, 29 Oct 2019 00:35:42 +0000. Up 42.36 seconds.
ci-info: no authorized ssh keys fingerprints found for user ubuntu.
<14>Oct 29 00:35:44 ec2: 
<14>Oct 29 00:35:44 ec2: #############################################################
<14>Oct 29 00:35:44 ec2: -----BEGIN SSH HOST KEY FINGERPRINTS-----
<14>Oct 29 00:35:44 ec2: 1024 SHA256:FuvCbjS8IdV9dFoWYArLRu6JRmladLG0eNMt7YYxDyQ root@ubuntu-bionic (DSA)
<14>Oct 29 00:35:44 ec2: 256 SHA256:/sBu9deQ4DwFYCmWR4rynwMw+Lv2DmUEIcyXwBXc+Cg root@ubuntu-bionic (ECDSA)
<14>Oct 29 00:35:44 ec2: 256 SHA256:Ps/gc+nOw4fxhfIrVOe4xv6O9Q/oO5NIpY4RjuTVCVw root@ubuntu-bionic (ED25519)
<14>Oct 29 00:35:44 ec2: 2048 SHA256:qWC8Fppg61w/wd0fKkcc6MxVWYNg4x1YuHECsjPBsPw root@ubuntu-bionic (RSA)
<14>Oct 29 00:35:44 ec2: -----END SSH HOST KEY FINGERPRINTS-----
<14>Oct 29 00:35:44 ec2: #############################################################
-----BEGIN SSH HOST KEY KEYS-----
ecdsa-sha2-nistp256 AAAAE2VjZHNhLXNoYTItbmlzdHAyNTYAAAAIbmlzdHAyNTYAAABBBL7szRBUi+q9V8R731nyrh+OzJVOi48FOc17dhXlpGTdhyUCR8jtjryn8Q5ogRc34bk0bmX4heVEYlmumnGfN/I= root@ubuntu-bionic
ssh-ed25519 AAAAC3NzaC1lZDI1NTE5AAAAIO5EMfVGrBRCFHdylWwPnPmoPGNOGH6klXcQfK/AWW9e root@ubuntu-bionic
ssh-rsa AAAAB3NzaC1yc2EAAAADAQABAAABAQDEqNV+POWcD7TkuKHZM5ODehYvx0jFqWJEyckM4iaav63GUfNGY8DfGmHo/94rKGZaEuqHqW3yfsx23Z/ND+uew9zxENGRDb5qE0h0zoPoJLwVxyz6gstWQrNQDrRHdo5cXw0Bpp10d2Y6uvG2RiLMO+N2539OKJque3YFP+luoxQH0jl8A/qg1GFJJgaAmUHUvF4zIT+BqKXh36UCNRJ79vFjM34xToA7+pUpoT8jO8sqkxI3TmmhQ8UGmjNT6DWlvnenWHIWyEBb2dhG+4PR2ua6XcJG/bl4MqzEeISQ5JvrAOE9SBq/94BPPCkNMFz8pHd4d8nZgGdM/vD+9HHj root@ubuntu-bionic
-----END SSH HOST KEY KEYS-----
[   44.722011] cloud-init[1575]: Cloud-init v. 19.2-24-ge7881d5c-0ubuntu1~18.04.1 running 'modules:final' at Tue, 29 Oct 2019 00:35:43 +0000. Up 44.15 seconds.
[   44.722131] cloud-init[1575]: ci-info: no authorized ssh keys fingerprints found for user ubuntu.
[   44.722701] cloud-init[1575]: Cloud-init v. 19.2-24-ge7881d5c-0ubuntu1~18.04.1 finished at Tue, 29 Oct 2019 00:35:44 +0000. Datasource DataSourceNoCloud [seed=/dev/sdb][dsmode=net].  Up 44.71 seconds
